<?xml version="1.0" encoding="UTF-8" standalone="yes"?><!DOCTYPE report PUBLIC "-//JACOCO//DTD Report 1.1//EN" "report.dtd"><report name="TriangleTest"><sessioninfo id="LAPTOP-L7P7PKSV-8715ed69" start="1646989777436" dump="1646989777898"/><sessioninfo id="LAPTOP-L7P7PKSV-43fa7fc1" start="1646989814695" dump="1646989815284"/><sessioninfo id="LAPTOP-L7P7PKSV-942a6ed" start="1646989881227" dump="1646989881755"/><sessioninfo id="LAPTOP-L7P7PKSV-f0500d47" start="1647013871233" dump="1647013871978"/><sessioninfo id="LAPTOP-L7P7PKSV-8cd4ff01" start="1647014337272" dump="1647014338015"/><sessioninfo id="LAPTOP-L7P7PKSV-a685a272" start="1647014411017" dump="1647014411688"/><sessioninfo id="LAPTOP-L7P7PKSV-e07dc778" start="1647014567427" dump="1647014568060"/><sessioninfo id="LAPTOP-L7P7PKSV-a4bad660" start="1647014887127" dump="1647014887943"/><sessioninfo id="LAPTOP-L7P7PKSV-65a40fc3" start="1647015222755" dump="1647015223405"/><package name="com/example"><class name="com/example/Triangle" sourcefilename="Triangle.java"><method name="&lt;init&gt;" desc="(III)V" line="6"><counter type="INSTRUCTION" missed="0" covered="12"/><counter type="LINE" missed="0" covered="5"/><counter type="COMPLEXITY" missed="0" covered="1"/><counter type="METHOD" missed="0" covered="1"/></method><method name="getTriangleType" desc="()Ljava/lang/String;" line="13"><counter type="INSTRUCTION" missed="0" covered="76"/><counter type="BRANCH" missed="0" covered="22"/><counter type="LINE" missed="0" covered="11"/><counter type="COMPLEXITY" missed="0" covered="12"/><counter type="METHOD" missed="0" covered="1"/></method><counter type="INSTRUCTION" missed="0" covered="88"/><counter type="BRANCH" missed="0" covered="22"/><counter type="LINE" missed="0" covered="16"/><counter type="COMPLEXITY" missed="0" covered="13"/><counter type="METHOD" missed="0" covered="2"/><counter type="CLASS" missed="0" covered="1"/></class><sourcefile name="Triangle.java"><line nr="6" mi="0" ci="2" mb="0" cb="0"/><line nr="7" mi="0" ci="3" mb="0" cb="0"/><line nr="8" mi="0" ci="3" mb="0" cb="0"/><line nr="9" mi="0" ci="3" mb="0" cb="0"/><line nr="10" mi="0" ci="1" mb="0" cb="0"/><line nr="13" mi="0" ci="2" mb="0" cb="0"/><line nr="14" mi="0" ci="9" mb="0" cb="6"/><line nr="15" mi="0" ci="3" mb="0" cb="0"/><line nr="17" mi="0" ci="24" mb="0" cb="6"/><line nr="18" mi="0" ci="10" mb="0" cb="4"/><line nr="19" mi="0" ci="3" mb="0" cb="0"/><line nr="20" mi="0" ci="15" mb="0" cb="6"/><line nr="21" mi="0" ci="3" mb="0" cb="0"/><line nr="23" mi="0" ci="3" mb="0" cb="0"/><line nr="26" mi="0" ci="2" mb="0" cb="0"/><line nr="27" mi="0" ci="2" mb="0" cb="0"/><counter type="INSTRUCTION" missed="0" covered="88"/><counter type="BRANCH" missed="0" covered="22"/><counter type="LINE" missed="0" covered="16"/><counter type="COMPLEXITY" missed="0" covered="13"/><counter type="METHOD" missed="0" covered="2"/><counter type="CLASS" missed="0" covered="1"/></sourcefile><counter type="INSTRUCTION" missed="0" covered="88"/><counter type="BRANCH" missed="0" covered="22"/><counter type="LINE" missed="0" covered="16"/><counter type="COMPLEXITY" missed="0" covered="13"/><counter type="METHOD" missed="0" covered="2"/><counter type="CLASS" missed="0" covered="1"/></package><counter type="INSTRUCTION" missed="0" covered="88"/><counter type="BRANCH" missed="0" covered="22"/><counter type="LINE" missed="0" covered="16"/><counter type="COMPLEXITY" missed="0" covered="13"/><counter type="METHOD" missed="0" covered="2"/><counter type="CLASS" missed="0" covered="1"/></report>