<?xml version="1.0" encoding="UTF-8" ?>
<testsuite tests="5" failures="0" name="com.example.TriangleTest" time="0.024" errors="0" skipped="0">
  <properties>
[...]
</properties>
  <testcase classname="com.example.TriangleTest" name="testEquilateral" time="0.024"/>
  <testcase classname="com.example.TriangleTest" name="testNegativeLength" time="0"/>
  <testcase classname="com.example.TriangleTest" name="testNotTriangle" time="0"/>
  <testcase classname="com.example.TriangleTest" name="testScalene" time="0"/>
  <testcase classname="com.example.TriangleTest" name="testIsosceles" time="0"/>
</testsuite>